
Jan 20, 2023 22:54:40.940 NEW SESSION
Jan 20, 2023 22:54:40.940 
Jan 20, 2023 23:10:03.180 
Jan 20, 2023 23:11:50.177 
Jan 20, 2023 23:15:31.802 
Jan 20, 2023 23:25:33.69 
Jan 20, 2023 23:27:40.626 
Jan 20, 2023 23:29:45.933 

Jan 21, 2023 11:17:25.64 NEW SESSION
Jan 21, 2023 11:17:25.64 
Jan 21, 2023 11:23:41.12 
Jan 21, 2023 11:43:39.524 
Jan 21, 2023 11:44:06.667 
Jan 22, 2023 01:16:09.501 

Jan 22, 2023 02:18:44.788 NEW SESSION
Jan 22, 2023 02:18:44.788 

Jan 25, 2023 03:03:39.859 NEW SESSION
Jan 25, 2023 03:03:39.859 
Jan 25, 2023 04:50:02.125 
Jan 25, 2023 04:54:07.37 
Jan 25, 2023 05:03:05.666 
Jan 25, 2023 05:51:32.812 
Jan 25, 2023 06:02:10.344 
Jan 25, 2023 06:12:52.868 

Jan 25, 2023 17:12:11.891 NEW SESSION
Jan 25, 2023 17:12:11.891 
Jan 25, 2023 17:13:43.902 
Jan 26, 2023 01:38:04.331 
Jan 26, 2023 22:21:48.715 
Jan 26, 2023 23:02:48.746 
Jan 26, 2023 23:11:40.599 
Jan 26, 2023 23:13:49.203 
Jan 26, 2023 23:15:26.716 
Jan 26, 2023 23:20:03.478 

Jan 27, 2023 24:19:42.914 NEW SESSION
Jan 27, 2023 24:19:42.914 
Jan 27, 2023 01:25:39.473 
Jan 27, 2023 01:27:50.655 
Jan 27, 2023 01:35:42.625 
Jan 27, 2023 01:51:29.628 
Jan 27, 2023 02:49:47.807 

Feb 06, 2023 02:59:24.216 NEW SESSION
Feb 06, 2023 02:59:24.216 
Feb 06, 2023 11:36:47.763 
Feb 06, 2023 11:53:07.217 
Feb 06, 2023 12:01:32.388 
Feb 06, 2023 13:00:22.345 
Feb 06, 2023 13:23:05.392 
Feb 06, 2023 13:24:34.487 
Feb 06, 2023 13:27:43.90 
Feb 07, 2023 07:41:59.837 
Feb 07, 2023 08:21:53.488 

Feb 12, 2023 17:15:34.193 NEW SESSION
Feb 12, 2023 17:15:34.193 
Feb 12, 2023 17:15:36.365 Gtk-Message: 17:15:36.365: Failed to load module "colorreload-gtk-module"
Feb 12, 2023 17:15:36.366 Gtk-Message: 17:15:36.365: Failed to load module "window-decorations-gtk-module"
Feb 12, 2023 17:15:40.61 
Feb 12, 2023 17:15:40.587 Gtk-Message: 17:15:40.587: Failed to load module "colorreload-gtk-module"
Feb 12, 2023 17:15:40.588 Gtk-Message: 17:15:40.587: Failed to load module "window-decorations-gtk-module"
Feb 12, 2023 17:42:07.256 

Feb 12, 2023 19:43:32.161 NEW SESSION
Feb 12, 2023 19:43:32.161 
Feb 12, 2023 20:59:15.428 
Feb 12, 2023 21:10:15.26 
Feb 12, 2023 21:26:27.911 
Feb 12, 2023 21:28:54.171 
Feb 12, 2023 21:41:50.934 
Feb 12, 2023 21:44:18.136 
Feb 12, 2023 21:46:16.201 

Feb 13, 2023 13:52:14.308 NEW SESSION
Feb 13, 2023 13:52:14.308 

Feb 13, 2023 13:55:56.798 NEW SESSION
Feb 13, 2023 13:55:56.798 

Feb 15, 2023 02:32:21.378 NEW SESSION
Feb 15, 2023 02:32:21.379 
Feb 15, 2023 02:42:22.525 
Feb 15, 2023 02:50:12.259 
Feb 15, 2023 03:02:03.563 
Feb 15, 2023 03:08:06.183 
